<?xml version="1.0" encoding="UTF-8"?>
<testsuite xmlns:xsi="http://www.w3.org/2001/XMLSchema-instance" xsi:noNamespaceSchemaLocation="https://maven.apache.org/surefire/maven-surefire-plugin/xsd/surefire-test-report.xsd" version="3.0.2" name="TestSuite" time="24.996" tests="3" errors="0" skipped="0" failures="0">
  <properties>
[...]
</properties>
  <testcase name="asUserTryToLogInWithIncorrectLoginAndPassword" classname="tests.FailedLoginTests" time="1.376">
    <system-out><![CDATA[[INFO ] 2024-08-09 15:00:28.920 [TestNG-tests-1] configuration.PropertiesLoader - Trying to load properties with file name: configuration.properties
[INFO ] 2024-08-09 15:00:28.920 [TestNG-tests-2] configuration.PropertiesLoader - Trying to load properties with file name: configuration.properties
[INFO ] 2024-08-09 15:00:28.920 [TestNG-tests-3] configuration.PropertiesLoader - Trying to load properties with file name: configuration.properties
[INFO ] 2024-08-09 15:00:28.929 [TestNG-tests-1] configuration.PropertiesLoader - Successfully loaded properties for file: configuration.properties
[INFO ] 2024-08-09 15:00:28.929 [TestNG-tests-2] configuration.PropertiesLoader - Successfully loaded properties for file: configuration.properties
[INFO ] 2024-08-09 15:00:28.930 [TestNG-tests-3] configuration.PropertiesLoader - Successfully loaded properties for file: configuration.properties
[INFO ] 2024-08-09 15:00:41.420 [TestNG-tests-3] utils.testng.listeners.TestListener - Starting test: signOnFirstBeforeAttemptingToCheckout
[INFO ] 2024-08-09 15:00:41.469 [TestNG-tests-2] utils.testng.listeners.TestListener - Starting test: asUserLoginUsingValidLoginAndPassword
[INFO ] 2024-08-09 15:00:41.860 [TestNG-tests-2] driver.listeners.DriverEventListener - Trying to find WebElement with locator By.name: username
[INFO ] 2024-08-09 15:00:41.910 [TestNG-tests-3] driver.listeners.DriverEventListener - Trying to find WebElement with locator By.cssSelector: #SidebarContent > a:nth-child(1)
[INFO ] 2024-08-09 15:00:41.960 [TestNG-tests-2] driver.listeners.DriverEventListener - Found WebElement with locator By.name: username
[INFO ] 2024-08-09 15:00:41.961 [TestNG-tests-3] driver.listeners.DriverEventListener - Found WebElement with locator By.cssSelector: #SidebarContent > a:nth-child(1)
[INFO ] 2024-08-09 15:00:42.079 [TestNG-tests-2] driver.listeners.DriverEventListener - Trying to find WebElement with locator By.name: username
[INFO ] 2024-08-09 15:00:42.085 [TestNG-tests-3] driver.listeners.DriverEventListener - Trying to find WebElement with locator By.cssSelector: #SidebarContent > a:nth-child(1)
[INFO ] 2024-08-09 15:00:42.164 [TestNG-tests-3] driver.listeners.DriverEventListener - Found WebElement with locator By.cssSelector: #SidebarContent > a:nth-child(1)
[INFO ] 2024-08-09 15:00:42.173 [TestNG-tests-2] driver.listeners.DriverEventListener - Found WebElement with locator By.name: username
[INFO ] 2024-08-09 15:00:42.252 [TestNG-tests-2] driver.listeners.DriverEventListener - Trying to find WebElement with locator By.name: username
[INFO ] 2024-08-09 15:00:42.262 [TestNG-tests-3] driver.listeners.DriverEventListener - Trying to find WebElement with locator By.cssSelector: #SidebarContent > a:nth-child(1)
[INFO ] 2024-08-09 15:00:42.411 [TestNG-tests-2] driver.listeners.DriverEventListener - Found WebElement with locator By.name: username
[INFO ] 2024-08-09 15:00:42.411 [TestNG-tests-2] driver.listeners.DriverEventListener - Trying to clear WebElement
[INFO ] 2024-08-09 15:00:42.415 [TestNG-tests-3] driver.listeners.DriverEventListener - Found WebElement with locator By.cssSelector: #SidebarContent > a:nth-child(1)
[INFO ] 2024-08-09 15:00:42.415 [TestNG-tests-3] driver.listeners.DriverEventListener - Trying to click WebElement
[INFO ] 2024-08-09 15:00:43.335 [TestNG-tests-2] driver.listeners.DriverEventListener - Cleared WebElement [[ChromeDriver: chrome on windows (bc2d02ab7d42cf544f045336a5c1ffad)] -> name: username]
[INFO ] 2024-08-09 15:00:43.335 [TestNG-tests-2] driver.listeners.DriverEventListener - Trying to find WebElement with locator By.name: username
[INFO ] 2024-08-09 15:00:43.399 [TestNG-tests-2] driver.listeners.DriverEventListener - Found WebElement with locator By.name: username
[INFO ] 2024-08-09 15:00:43.400 [TestNG-tests-2] driver.listeners.DriverEventListener - Trying to type text [j2ee]
[INFO ] 2024-08-09 15:00:43.531 [TestNG-tests-3] driver.listeners.DriverEventListener - Clicked WebElement
[INFO ] 2024-08-09 15:00:43.531 [TestNG-tests-3] page.objects.MiddleMenuPage - Clicked On Fish link
[INFO ] 2024-08-09 15:00:43.566 [TestNG-tests-3] driver.listeners.DriverEventListener - Trying to find WebElement with locator By.cssSelector: #Catalog > table > tbody > tr:nth-child(2) > td:nth-child(1) > a
[INFO ] 2024-08-09 15:00:43.617 [TestNG-tests-3] driver.listeners.DriverEventListener - Found WebElement with locator By.cssSelector: #Catalog > table > tbody > tr:nth-child(2) > td:nth-child(1) > a
[INFO ] 2024-08-09 15:00:43.644 [TestNG-tests-2] driver.listeners.DriverEventListener - Typed text [j2ee]
[INFO ] 2024-08-09 15:00:43.645 [TestNG-tests-2] page.objects.LoginPage - Typed into username field {}j2ee
[INFO ] 2024-08-09 15:00:43.647 [TestNG-tests-2] driver.listeners.DriverEventListener - Trying to find WebElement with locator By.name: password
[INFO ] 2024-08-09 15:00:43.704 [TestNG-tests-2] driver.listeners.DriverEventListener - Found WebElement with locator By.name: password
[INFO ] 2024-08-09 15:00:43.704 [TestNG-tests-2] driver.listeners.DriverEventListener - Trying to clear WebElement
[INFO ] 2024-08-09 15:00:43.739 [TestNG-tests-1] utils.testng.listeners.TestListener - Starting test: asUserTryToLogInWithIncorrectLoginAndPassword
[INFO ] 2024-08-09 15:00:43.806 [TestNG-tests-3] driver.listeners.DriverEventListener - Trying to find WebElement with locator By.cssSelector: #Catalog > table > tbody > tr:nth-child(2) > td:nth-child(1) > a
[INFO ] 2024-08-09 15:00:43.849 [TestNG-tests-3] driver.listeners.DriverEventListener - Found WebElement with locator By.cssSelector: #Catalog > table > tbody > tr:nth-child(2) > td:nth-child(1) > a
[INFO ] 2024-08-09 15:00:43.967 [TestNG-tests-2] driver.listeners.DriverEventListener - Cleared WebElement [[ChromeDriver: chrome on windows (bc2d02ab7d42cf544f045336a5c1ffad)] -> name: password]
[INFO ] 2024-08-09 15:00:43.967 [TestNG-tests-2] driver.listeners.DriverEventListener - Trying to find WebElement with locator By.name: password
[INFO ] 2024-08-09 15:00:43.978 [TestNG-tests-3] driver.listeners.DriverEventListener - Trying to find WebElement with locator By.cssSelector: #Catalog > table > tbody > tr:nth-child(2) > td:nth-child(1) > a
[INFO ] 2024-08-09 15:00:44.016 [TestNG-tests-2] driver.listeners.DriverEventListener - Found WebElement with locator By.name: password
[INFO ] 2024-08-09 15:00:44.016 [TestNG-tests-2] driver.listeners.DriverEventListener - Trying to type text [j2ee]
[INFO ] 2024-08-09 15:00:44.041 [TestNG-tests-3] driver.listeners.DriverEventListener - Found WebElement with locator By.cssSelector: #Catalog > table > tbody > tr:nth-child(2) > td:nth-child(1) > a
[INFO ] 2024-08-09 15:00:44.041 [TestNG-tests-3] driver.listeners.DriverEventListener - Trying to click WebElement
[INFO ] 2024-08-09 15:00:44.076 [TestNG-tests-1] driver.listeners.DriverEventListener - Trying to find WebElement with locator By.name: username
[INFO ] 2024-08-09 15:00:44.114 [TestNG-tests-1] driver.listeners.DriverEventListener - Found WebElement with locator By.name: username
[INFO ] 2024-08-09 15:00:44.139 [TestNG-tests-1] driver.listeners.DriverEventListener - Trying to find WebElement with locator By.name: username
[INFO ] 2024-08-09 15:00:44.162 [TestNG-tests-1] driver.listeners.DriverEventListener - Found WebElement with locator By.name: username
[INFO ] 2024-08-09 15:00:44.169 [TestNG-tests-1] driver.listeners.DriverEventListener - Trying to find WebElement with locator By.name: username
[INFO ] 2024-08-09 15:00:44.187 [TestNG-tests-1] driver.listeners.DriverEventListener - Found WebElement with locator By.name: username
[INFO ] 2024-08-09 15:00:44.187 [TestNG-tests-1] driver.listeners.DriverEventListener - Trying to clear WebElement
[INFO ] 2024-08-09 15:00:44.197 [TestNG-tests-1] driver.listeners.DriverEventListener - Cleared WebElement [[FirefoxDriver: firefox on windows (6c895381-cd51-4272-9c11-ce2827b953d4)] -> name: username]
[INFO ] 2024-08-09 15:00:44.197 [TestNG-tests-1] driver.listeners.DriverEventListener - Trying to find WebElement with locator By.name: username
[INFO ] 2024-08-09 15:00:44.225 [TestNG-tests-1] driver.listeners.DriverEventListener - Found WebElement with locator By.name: username
[INFO ] 2024-08-09 15:00:44.225 [TestNG-tests-1] driver.listeners.DriverEventListener - Trying to type text [randomBullShit]
[INFO ] 2024-08-09 15:00:44.255 [TestNG-tests-2] driver.listeners.DriverEventListener - Typed text [j2ee]
[INFO ] 2024-08-09 15:00:44.255 [TestNG-tests-2] page.objects.LoginPage - Typed into password field {}j2ee
[INFO ] 2024-08-09 15:00:44.256 [TestNG-tests-2] driver.listeners.DriverEventListener - Trying to find WebElement with locator By.name: signon
[INFO ] 2024-08-09 15:00:44.273 [TestNG-tests-1] driver.listeners.DriverEventListener - Typed text [randomBullShit]
[INFO ] 2024-08-09 15:00:44.273 [TestNG-tests-1] page.objects.LoginPage - Typed into username field {}randomBullShit
[INFO ] 2024-08-09 15:00:44.273 [TestNG-tests-1] driver.listeners.DriverEventListener - Trying to find WebElement with locator By.name: password
[INFO ] 2024-08-09 15:00:44.292 [TestNG-tests-1] driver.listeners.DriverEventListener - Found WebElement with locator By.name: password
[INFO ] 2024-08-09 15:00:44.293 [TestNG-tests-1] driver.listeners.DriverEventListener - Trying to clear WebElement
[INFO ] 2024-08-09 15:00:44.301 [TestNG-tests-1] driver.listeners.DriverEventListener - Cleared WebElement [[FirefoxDriver: firefox on windows (6c895381-cd51-4272-9c11-ce2827b953d4)] -> name: password]
[INFO ] 2024-08-09 15:00:44.302 [TestNG-tests-1] driver.listeners.DriverEventListener - Trying to find WebElement with locator By.name: password
[INFO ] 2024-08-09 15:00:44.322 [TestNG-tests-1] driver.listeners.DriverEventListener - Found WebElement with locator By.name: password
[INFO ] 2024-08-09 15:00:44.322 [TestNG-tests-1] driver.listeners.DriverEventListener - Trying to type text [RandomBullShit]
[INFO ] 2024-08-09 15:00:44.338 [TestNG-tests-1] driver.listeners.DriverEventListener - Typed text [RandomBullShit]
[INFO ] 2024-08-09 15:00:44.338 [TestNG-tests-1] page.objects.LoginPage - Typed into password field {}RandomBullShit
[INFO ] 2024-08-09 15:00:44.339 [TestNG-tests-1] driver.listeners.DriverEventListener - Trying to find WebElement with locator By.name: signon
[INFO ] 2024-08-09 15:00:44.395 [TestNG-tests-1] driver.listeners.DriverEventListener - Found WebElement with locator By.name: signon
[INFO ] 2024-08-09 15:00:44.410 [TestNG-tests-1] driver.listeners.DriverEventListener - Trying to find WebElement with locator By.name: signon
[INFO ] 2024-08-09 15:00:44.507 [TestNG-tests-1] driver.listeners.DriverEventListener - Found WebElement with locator By.name: signon
[INFO ] 2024-08-09 15:00:44.513 [TestNG-tests-1] driver.listeners.DriverEventListener - Trying to find WebElement with locator By.name: signon
[INFO ] 2024-08-09 15:00:44.557 [TestNG-tests-1] driver.listeners.DriverEventListener - Found WebElement with locator By.name: signon
[INFO ] 2024-08-09 15:00:44.557 [TestNG-tests-1] driver.listeners.DriverEventListener - Trying to click WebElement
[INFO ] 2024-08-09 15:00:44.670 [TestNG-tests-2] driver.listeners.DriverEventListener - Found WebElement with locator By.name: signon
[INFO ] 2024-08-09 15:00:44.771 [TestNG-tests-1] driver.listeners.DriverEventListener - Clicked WebElement
[INFO ] 2024-08-09 15:00:44.771 [TestNG-tests-1] page.objects.LoginPage - CLicked On Log In Button
[INFO ] 2024-08-09 15:00:44.786 [TestNG-tests-1] page.objects.LoginPage - Checking if warning message Invalid username or password. Signon failed. is displayed
[INFO ] 2024-08-09 15:00:44.787 [TestNG-tests-1] driver.listeners.DriverEventListener - Trying to find WebElement with locator By.className: messages
[INFO ] 2024-08-09 15:00:44.808 [TestNG-tests-1] driver.listeners.DriverEventListener - Found WebElement with locator By.className: messages
[INFO ] 2024-08-09 15:00:44.890 [TestNG-tests-2] driver.listeners.DriverEventListener - Trying to find WebElement with locator By.name: signon
[INFO ] 2024-08-09 15:00:45.037 [TestNG-tests-1] generic.assertions.AssertWebElement - Checking if element is displayed
[INFO ] 2024-08-09 15:00:45.039 [TestNG-tests-1] driver.listeners.DriverEventListener - Trying to find WebElement with locator By.className: messages
[INFO ] 2024-08-09 15:00:45.057 [TestNG-tests-3] driver.listeners.DriverEventListener - Clicked WebElement
[INFO ] 2024-08-09 15:00:45.059 [TestNG-tests-3] driver.listeners.DriverEventListener - Trying to find WebElement with locator By.cssSelector: #Catalog > table > tbody > tr:nth-child(3) > td:nth-child(5) > a
[INFO ] 2024-08-09 15:00:45.067 [TestNG-tests-1] driver.listeners.DriverEventListener - Found WebElement with locator By.className: messages
[INFO ] 2024-08-09 15:00:45.081 [TestNG-tests-1] generic.assertions.AssertWebElement - WebElement was displayed!
[INFO ] 2024-08-09 15:00:45.082 [TestNG-tests-1] generic.assertions.AssertWebElement - Checking if WebElement has text: Invalid username or password. Signon failed.
[INFO ] 2024-08-09 15:00:45.082 [TestNG-tests-1] driver.listeners.DriverEventListener - Trying to find WebElement with locator By.className: messages
[INFO ] 2024-08-09 15:00:45.102 [TestNG-tests-1] driver.listeners.DriverEventListener - Found WebElement with locator By.className: messages
[INFO ] 2024-08-09 15:00:45.116 [TestNG-tests-1] generic.assertions.AssertWebElement - WebElement had expected text!
[INFO ] 2024-08-09 15:00:45.117 [TestNG-tests-2] driver.listeners.DriverEventListener - Found WebElement with locator By.name: signon
[INFO ] 2024-08-09 15:00:45.121 [TestNG-tests-1] utils.testng.listeners.TestListener - Test asUserTryToLogInWithIncorrectLoginAndPassword passed successfully
]]></system-out>
    <system-err><![CDATA[SLF4J: Failed to load class "org.slf4j.impl.StaticLoggerBinder".
SLF4J: Defaulting to no-operation (NOP) logger implementation
SLF4J: See http://www.slf4j.org/codes.html#StaticLoggerBinder for further details.
sie 09, 2024 3:00:37 PM org.openqa.selenium.devtools.CdpVersionFinder findNearestMatch
WARNING: Unable to find an exact match for CDP version 127, returning the closest version; found: 126; Please update to a Selenium version that supports CDP version 127
sie 09, 2024 3:00:37 PM org.openqa.selenium.devtools.CdpVersionFinder findNearestMatch
WARNING: Unable to find an exact match for CDP version 127, returning the closest version; found: 126; Please update to a Selenium version that supports CDP version 127
]]></system-err>
  </testcase>
  <testcase name="asUserLoginUsingValidLoginAndPassword" classname="tests.CorrectLoginTests" time="1.987">
    <system-out><![CDATA[[INFO ] 2024-08-09 15:00:45.195 [TestNG-tests-3] driver.listeners.DriverEventListener - Found WebElement with locator By.cssSelector: #Catalog > table > tbody > tr:nth-child(3) > td:nth-child(5) > a
[INFO ] 2024-08-09 15:00:45.222 [TestNG-tests-2] driver.listeners.DriverEventListener - Trying to find WebElement with locator By.name: signon
[INFO ] 2024-08-09 15:00:45.230 [TestNG-tests-3] driver.listeners.DriverEventListener - Trying to find WebElement with locator By.cssSelector: #Catalog > table > tbody > tr:nth-child(3) > td:nth-child(5) > a
[INFO ] 2024-08-09 15:00:45.251 [TestNG-tests-2] driver.listeners.DriverEventListener - Found WebElement with locator By.name: signon
[INFO ] 2024-08-09 15:00:45.251 [TestNG-tests-2] driver.listeners.DriverEventListener - Trying to click WebElement
[INFO ] 2024-08-09 15:00:45.270 [TestNG-tests-3] driver.listeners.DriverEventListener - Found WebElement with locator By.cssSelector: #Catalog > table > tbody > tr:nth-child(3) > td:nth-child(5) > a
[INFO ] 2024-08-09 15:00:45.306 [TestNG-tests-3] driver.listeners.DriverEventListener - Trying to find WebElement with locator By.cssSelector: #Catalog > table > tbody > tr:nth-child(3) > td:nth-child(5) > a
[INFO ] 2024-08-09 15:00:45.336 [TestNG-tests-3] driver.listeners.DriverEventListener - Found WebElement with locator By.cssSelector: #Catalog > table > tbody > tr:nth-child(3) > td:nth-child(5) > a
[INFO ] 2024-08-09 15:00:45.336 [TestNG-tests-3] driver.listeners.DriverEventListener - Trying to click WebElement
[INFO ] 2024-08-09 15:00:45.492 [TestNG-tests-3] driver.listeners.DriverEventListener - Clicked WebElement
[INFO ] 2024-08-09 15:00:45.493 [TestNG-tests-3] page.objects.AngelFishPage - Clicked on small angel fish add to cart
[INFO ] 2024-08-09 15:00:45.496 [TestNG-tests-3] driver.listeners.DriverEventListener - Trying to find WebElement with locator By.cssSelector: #Cart > a
[INFO ] 2024-08-09 15:00:45.558 [TestNG-tests-3] driver.listeners.DriverEventListener - Found WebElement with locator By.cssSelector: #Cart > a
[INFO ] 2024-08-09 15:00:45.572 [TestNG-tests-3] driver.listeners.DriverEventListener - Trying to find WebElement with locator By.cssSelector: #Cart > a
[INFO ] 2024-08-09 15:00:45.599 [TestNG-tests-3] driver.listeners.DriverEventListener - Found WebElement with locator By.cssSelector: #Cart > a
[INFO ] 2024-08-09 15:00:45.612 [TestNG-tests-3] driver.listeners.DriverEventListener - Trying to find WebElement with locator By.cssSelector: #Cart > a
[INFO ] 2024-08-09 15:00:45.639 [TestNG-tests-3] driver.listeners.DriverEventListener - Found WebElement with locator By.cssSelector: #Cart > a
[INFO ] 2024-08-09 15:00:45.639 [TestNG-tests-3] driver.listeners.DriverEventListener - Trying to click WebElement
[INFO ] 2024-08-09 15:00:45.661 [TestNG-tests-2] driver.listeners.DriverEventListener - Clicked WebElement
[INFO ] 2024-08-09 15:00:45.661 [TestNG-tests-2] page.objects.LoginPage - CLicked On Log In Button
[INFO ] 2024-08-09 15:00:45.662 [TestNG-tests-2] page.objects.FooterPage - Checking if dog banner is displayed
[INFO ] 2024-08-09 15:00:45.662 [TestNG-tests-2] driver.listeners.DriverEventListener - Trying to find WebElement with locator By.cssSelector: #Banner
[INFO ] 2024-08-09 15:00:45.698 [TestNG-tests-2] driver.listeners.DriverEventListener - Found WebElement with locator By.cssSelector: #Banner
[INFO ] 2024-08-09 15:00:45.709 [TestNG-tests-2] generic.assertions.AssertWebElement - Checking if element is displayed
[INFO ] 2024-08-09 15:00:45.710 [TestNG-tests-2] driver.listeners.DriverEventListener - Trying to find WebElement with locator By.cssSelector: #Banner
[INFO ] 2024-08-09 15:00:45.752 [TestNG-tests-2] driver.listeners.DriverEventListener - Found WebElement with locator By.cssSelector: #Banner
[INFO ] 2024-08-09 15:00:45.769 [TestNG-tests-2] generic.assertions.AssertWebElement - WebElement was displayed!
[INFO ] 2024-08-09 15:00:45.770 [TestNG-tests-2] utils.testng.listeners.TestListener - Test asUserLoginUsingValidLoginAndPassword passed successfully
]]></system-out>
  </testcase>
  <testcase name="signOnFirstBeforeAttemptingToCheckout" classname="tests.SignOnFirstMessageTests" time="2.415">
    <system-out><![CDATA[[INFO ] 2024-08-09 15:00:45.863 [TestNG-tests-3] driver.listeners.DriverEventListener - Clicked WebElement
[INFO ] 2024-08-09 15:00:45.866 [TestNG-tests-3] page.objects.LoginPage - Checking if warning message You must sign on before attempting to check out. Please sign on and try checking out again. is displayed
[INFO ] 2024-08-09 15:00:45.866 [TestNG-tests-3] driver.listeners.DriverEventListener - Trying to find WebElement with locator By.className: messages
[INFO ] 2024-08-09 15:00:45.917 [TestNG-tests-3] driver.listeners.DriverEventListener - Found WebElement with locator By.className: messages
[INFO ] 2024-08-09 15:00:45.956 [TestNG-tests-3] generic.assertions.AssertWebElement - Checking if element is displayed
[INFO ] 2024-08-09 15:00:45.962 [TestNG-tests-3] driver.listeners.DriverEventListener - Trying to find WebElement with locator By.className: messages
[INFO ] 2024-08-09 15:00:46.053 [TestNG-tests-3] driver.listeners.DriverEventListener - Found WebElement with locator By.className: messages
[INFO ] 2024-08-09 15:00:46.144 [TestNG-tests-3] generic.assertions.AssertWebElement - WebElement was displayed!
[INFO ] 2024-08-09 15:00:46.144 [TestNG-tests-3] generic.assertions.AssertWebElement - Checking if WebElement has text: You must sign on before attempting to check out. Please sign on and try checking out again.
[INFO ] 2024-08-09 15:00:46.144 [TestNG-tests-3] driver.listeners.DriverEventListener - Trying to find WebElement with locator By.className: messages
[INFO ] 2024-08-09 15:00:46.176 [TestNG-tests-3] driver.listeners.DriverEventListener - Found WebElement with locator By.className: messages
[INFO ] 2024-08-09 15:00:46.201 [TestNG-tests-3] generic.assertions.AssertWebElement - WebElement had expected text!
[INFO ] 2024-08-09 15:00:46.202 [TestNG-tests-3] utils.testng.listeners.TestListener - Test signOnFirstBeforeAttemptingToCheckout passed successfully
]]></system-out>
    <system-err><![CDATA[sie 09, 2024 3:00:45 PM page.objects.ShoppingCartPage clickOnProceedToCheckoutButton
INFO: Clicked on check out button
]]></system-err>
  </testcase>
</testsuite>