<?xml version="1.0" encoding="UTF-8"?>
<testng-results ignored="0" total="3" passed="3" failed="0" skipped="0">
  <reporter-output>
  </reporter-output>
  <suite started-at="2024-08-09T15:00:28 CEST" name="All Pet Store Tests" finished-at="2024-08-09T15:00:48 CEST" duration-ms="19897">
    <groups>
    </groups>
    <test started-at="2024-08-09T15:00:28 CEST" name="Negative Login Tests" finished-at="2024-08-09T15:00:45 CEST" duration-ms="16388">
      <class name="tests.FailedLoginTests">
        <test-method is-config="true" signature="beforeClass()[pri:0, instance:tests.FailedLoginTests@1ca610a0]" started-at="2024-08-09T15:00:28 CEST" name="beforeClass" finished-at="2024-08-09T15:00:28 CEST" duration-ms="101" status="PASS">
          <reporter-output>
          </reporter-output>
        </test-method> <!-- beforeClass -->
        <test-method is-config="true" signature="beforeTest(driver.BrowserType)[pri:0, instance:tests.FailedLoginTests@1ca610a0]" started-at="2024-08-09T15:00:28 CEST" name="beforeTest" finished-at="2024-08-09T15:00:43 CEST" duration-ms="14674" status="PASS">
          <params>
            <param index="0">
              <value>
                <![CDATA[FIREFOX]]>
              </value>
            </param>
          </params>
          <reporter-output>
          </reporter-output>
        </test-method> <!-- beforeTest -->
        <test-method signature="asUserTryToLogInWithIncorrectLoginAndPassword()[pri:0, instance:tests.FailedLoginTests@1ca610a0]" started-at="2024-08-09T15:00:43 CEST" name="asUserTryToLogInWithIncorrectLoginAndPassword" finished-at="2024-08-09T15:00:45 CEST" duration-ms="1397" status="PASS">
          <reporter-output>
          </reporter-output>
        </test-method> <!-- asUserTryToLogInWithIncorrectLoginAndPassword -->
        <test-method is-config="true" signature="afterTest()[pri:0, instance:tests.FailedLoginTests@1ca610a0]" started-at="2024-08-09T15:00:45 CEST" name="afterTest" finished-at="2024-08-09T15:00:45 CEST" duration-ms="2" status="PASS">
          <reporter-output>
          </reporter-output>
        </test-method> <!-- afterTest -->
      </class> <!-- tests.FailedLoginTests -->
    </test> <!-- Negative Login Tests -->
    <test started-at="2024-08-09T15:00:28 CEST" name="ShoppingCartTest" finished-at="2024-08-09T15:00:48 CEST" duration-ms="19780">
      <class name="tests.SignOnFirstMessageTests">
        <test-method is-config="true" signature="beforeClass()[pri:0, instance:tests.SignOnFirstMessageTests@7f4596d0]" started-at="2024-08-09T15:00:28 CEST" name="beforeClass" finished-at="2024-08-09T15:00:28 CEST" duration-ms="101" status="PASS">
          <reporter-output>
          </reporter-output>
        </test-method> <!-- beforeClass -->
        <test-method is-config="true" signature="beforeTest(driver.BrowserType)[pri:0, instance:tests.SignOnFirstMessageTests@7f4596d0]" started-at="2024-08-09T15:00:28 CEST" name="beforeTest" finished-at="2024-08-09T15:00:41 CEST" duration-ms="12046" status="PASS">
          <params>
            <param index="0">
              <value is-null="true"/>
            </param>
          </params>
          <reporter-output>
          </reporter-output>
        </test-method> <!-- beforeTest -->
        <test-method signature="signOnFirstBeforeAttemptingToCheckout()[pri:0, instance:tests.SignOnFirstMessageTests@7f4596d0]" started-at="2024-08-09T15:00:41 CEST" name="signOnFirstBeforeAttemptingToCheckout" finished-at="2024-08-09T15:00:46 CEST" duration-ms="4812" status="PASS">
          <reporter-output>
          </reporter-output>
        </test-method> <!-- signOnFirstBeforeAttemptingToCheckout -->
        <test-method is-config="true" signature="afterTest()[pri:0, instance:tests.SignOnFirstMessageTests@7f4596d0]" started-at="2024-08-09T15:00:46 CEST" name="afterTest" finished-at="2024-08-09T15:00:48 CEST" duration-ms="2365" status="PASS">
          <reporter-output>
          </reporter-output>
        </test-method> <!-- afterTest -->
      </class> <!-- tests.SignOnFirstMessageTests -->
    </test> <!-- ShoppingCartTest -->
    <test started-at="2024-08-09T15:00:28 CEST" name="Positive Login Tests" finished-at="2024-08-09T15:00:48 CEST" duration-ms="19897">
      <class name="tests.CorrectLoginTests">
        <test-method is-config="true" signature="beforeClass()[pri:0, instance:tests.CorrectLoginTests@261bd7b]" started-at="2024-08-09T15:00:28 CEST" name="beforeClass" finished-at="2024-08-09T15:00:28 CEST" duration-ms="102" status="PASS">
          <reporter-output>
          </reporter-output>
        </test-method> <!-- beforeClass -->
        <test-method is-config="true" signature="beforeTest(driver.BrowserType)[pri:0, instance:tests.CorrectLoginTests@261bd7b]" started-at="2024-08-09T15:00:28 CEST" name="beforeTest" finished-at="2024-08-09T15:00:41 CEST" duration-ms="12045" status="PASS">
          <params>
            <param index="0">
              <value>
                <![CDATA[CHROME]]>
              </value>
            </param>
          </params>
          <reporter-output>
          </reporter-output>
        </test-method> <!-- beforeTest -->
        <test-method signature="asUserLoginUsingValidLoginAndPassword()[pri:0, instance:tests.CorrectLoginTests@261bd7b]" started-at="2024-08-09T15:00:41 CEST" name="asUserLoginUsingValidLoginAndPassword" finished-at="2024-08-09T15:00:45 CEST" duration-ms="4334" status="PASS">
          <reporter-output>
          </reporter-output>
        </test-method> <!-- asUserLoginUsingValidLoginAndPassword -->
        <test-method is-config="true" signature="afterTest()[pri:0, instance:tests.CorrectLoginTests@261bd7b]" started-at="2024-08-09T15:00:45 CEST" name="afterTest" finished-at="2024-08-09T15:00:48 CEST" duration-ms="2907" status="PASS">
          <reporter-output>
          </reporter-output>
        </test-method> <!-- afterTest -->
      </class> <!-- tests.CorrectLoginTests -->
    </test> <!-- Positive Login Tests -->
  </suite> <!-- All Pet Store Tests -->
</testng-results>
